[    0.000000] Linux version 4.15.0-135-generic (buildd@lgw01-amd64-005) (gcc version 7.5.0 (Ubuntu 7.5.0-3ubuntu1~18.04)) #139-Ubuntu SMP Mon Jan 18 17:38:24 UTC 2021 (Ubuntu 4.15.0-135.139-generic 4.15.18)
[    0.000000] Command line: BOOT_IMAGE=/boot/vmlinuz-4.15.0-135-generic root=LABEL=cloudimg-rootfs ro console=tty1 console=ttyS0
[    0.000000] KERNEL supported cpus:
[    0.000000]   Intel GenuineIntel
[    0.000000]   AMD AuthenticAMD
[    0.000000]   Centaur CentaurHauls
[    0.000000] x86/fpu: x87 FPU will use FXSAVE
[    0.000000] e820: BIOS-provided physical RAM map:
[    0.000000] BIOS-e820: [mem 0x0000000000000000-0x000000000009fbff] usable
[    0.000000] BIOS-e820: [mem 0x000000000009fc00-0x000000000009ffff] reserved
[    0.000000] BIOS-e820: [mem 0x00000000000f0000-0x00000000000fffff] reserved
[    0.000000] BIOS-e820: [mem 0x0000000000100000-0x000000003ffeffff] usable
[    0.000000] BIOS-e820: [mem 0x000000003fff0000-0x000000003fffffff] ACPI data
[    0.000000] BIOS-e820: [mem 0x00000000fec00000-0x00000000fec00fff] reserved
[    0.000000] BIOS-e820: [mem 0x00000000fee00000-0x00000000fee00fff] reserved
[    0.000000] BIOS-e820: [mem 0x00000000fffc0000-0x00000000ffffffff] reserved
[    0.000000] NX (Execute Disable) protection: active
[    0.000000] SMBIOS 2.5 present.
[    0.000000] DMI: innotek GmbH VirtualBox/VirtualBox, BIOS VirtualBox 12/01/2006
[    0.000000] Hypervisor detected: KVM
[    0.000000] e820: last_pfn = 0x3fff0 max_arch_pfn = 0x400000000
[    0.000000] MTRR: Disabled
[    0.000000] x86/PAT: MTRRs disabled, skipping PAT initialization too.
[    0.000000] CPU MTRRs all blank - virtualized system.
[    0.000000] x86/PAT: Configuration [0-7]: WB  WT  UC- UC  WB  WT  UC- UC  
[    0.000000] found SMP MP-table at [mem 0x0009fff0-0x0009ffff]
[    0.000000] Scanning 1 areas for low memory corruption
[    0.000000] RAMDISK: [mem 0x35a63000-0x36d28fff]
[    0.000000] ACPI: Early table checksum verification disabled
[    0.000000] ACPI: RSDP 0x00000000000E0000 000024 (v02 VBOX  )
[    0.000000] ACPI: XSDT 0x000000003FFF0030 00003C (v01 VBOX   VBOXXSDT 00000001 ASL  00000061)
[    0.000000] ACPI: FACP 0x000000003FFF00F0 0000F4 (v04 VBOX   VBOXFACP 00000001 ASL  00000061)
[    0.000000] ACPI: DSDT 0x000000003FFF0470 002325 (v02 VBOX   VBOXBIOS 00000002 INTL 20190509)
[    0.000000] ACPI: FACS 0x000000003FFF0200 000040
[    0.000000] ACPI: FACS 0x000000003FFF0200 000040
[    0.000000] ACPI: APIC 0x000000003FFF0240 00005C (v02 VBOX   VBOXAPIC 00000001 ASL  00000061)
[    0.000000] ACPI: SSDT 0x000000003FFF02A0 0001CC (v01 VBOX   VBOXCPUT 00000002 INTL 20190509)
[    0.000000] No NUMA configuration found
[    0.000000] Faking a node at [mem 0x0000000000000000-0x000000003ffeffff]
[    0.000000] NODE_DATA(0) allocated [mem 0x3ffc5000-0x3ffeffff]
[    0.000000] kvm-clock: cpu 0, msr 0:3ff44001, primary cpu clock
[    0.000000] kvm-clock: Using msrs 4b564d01 and 4b564d00
[    0.000000] kvm-clock: using sched offset of 33251849353 cycles
[    0.000000] clocksource: kvm-clock: mask: 0xffffffffffffffff max_cycles: 0x1cd42e4dffb, max_idle_ns: 881590591483 ns
[    0.000000] Zone ranges:
[    0.000000]   DMA      [mem 0x0000000000001000-0x0000000000ffffff]
[    0.000000]   DMA32    [mem 0x0000000001000000-0x000000003ffeffff]
[    0.000000]   Normal   empty
[    0.000000]   Device   empty
[    0.000000] Movable zone start for each node
[    0.000000] Early memory node ranges
[    0.000000]   node   0: [mem 0x0000000000001000-0x000000000009efff]
[    0.000000]   node   0: [mem 0x0000000000100000-0x000000003ffeffff]
[    0.000000] Reserved but unavailable: 98 pages
[    0.000000] Initmem setup node 0 [mem 0x0000000000001000-0x000000003ffeffff]
[    0.000000] ACPI: PM-Timer IO Port: 0x4008
[    0.000000] IOAPIC[0]: apic_id 2, version 32, address 0xfec00000, GSI 0-23
[    0.000000] ACPI: INT_SRC_OVR (bus 0 bus_irq 0 global_irq 2 dfl dfl)
[    0.000000] ACPI: INT_SRC_OVR (bus 0 bus_irq 9 global_irq 9 low level)
[    0.000000] Using ACPI (MADT) for SMP configuration information
[    0.000000] smpboot: Allowing 2 CPUs, 0 hotplug CPUs
[    0.000000] PM: Registered nosave memory: [mem 0x00000000-0x00000fff]
[    0.000000] PM: Registered nosave memory: [mem 0x0009f000-0x0009ffff]
[    0.000000] PM: Registered nosave memory: [mem 0x000a0000-0x000effff]
[    0.000000] PM: Registered nosave memory: [mem 0x000f0000-0x000fffff]
[    0.000000] e820: [mem 0x40000000-0xfebfffff] available for PCI devices
[    0.000000] Booting paravirtualized kernel on KVM
[    0.000000] clocksource: refined-jiffies: mask: 0xffffffff max_cycles: 0xffffffff, max_idle_ns: 7645519600211568 ns
[    0.000000] random: get_random_bytes called from start_kernel+0x99/0x500 with crng_init=0
[    0.000000] setup_percpu: NR_CPUS:8192 nr_cpumask_bits:2 nr_cpu_ids:2 nr_node_ids:1
[    0.000000] percpu: Embedded 45 pages/cpu s147456 r8192 d28672 u1048576
[    0.000000] PV qspinlock hash table entries: 256 (order: 0, 4096 bytes)
[    0.000000] Built 1 zonelists, mobility grouping on.  Total pages: 257913
[    0.000000] Policy zone: DMA32
[    0.000000] Kernel command line: BOOT_IMAGE=/boot/vmlinuz-4.15.0-135-generic root=LABEL=cloudimg-rootfs ro console=tty1 console=ttyS0
[    0.000000] Memory: 983020K/1048120K available (12300K kernel code, 2482K rwdata, 4276K rodata, 2440K init, 2724K bss, 65100K reserved, 0K cma-reserved)
[    0.000000] SLUB: HWalign=64, Order=0-3, MinObjects=0, CPUs=2, Nodes=1
[    0.000000] Kernel/User page tables isolation: enabled
[    0.000000] ftrace: allocating 39422 entries in 154 pages
[    0.004000] Hierarchical RCU implementation.
[    0.004000] 	RCU restricting CPUs from NR_CPUS=8192 to nr_cpu_ids=2.
[    0.004000] 	Tasks RCU enabled.
[    0.004000] RCU: Adjusting geometry for rcu_fanout_leaf=16, nr_cpu_ids=2
[    0.004000] NR_IRQS: 524544, nr_irqs: 440, preallocated irqs: 16
[    0.004000] Console: colour VGA+ 80x25
[    0.004000] console [tty1] enabled
[    0.004000] console [ttyS0] enabled
[    0.004000] ACPI: Core revision 20170831
[    0.004000] ACPI: 2 ACPI AML tables successfully acquired and loaded
[    0.004000] APIC: Switch to symmetric I/O mode setup
[    0.004000] x2apic enabled
[    0.004000] Switched APIC routing to physical x2apic.
[    0.004000] ..TIMER: vector=0x30 apic1=0 pin1=2 apic2=-1 pin2=-1
[    0.004000] tsc: Detected 4198.092 MHz processor
[    0.004000] Calibrating delay loop (skipped) preset value.. 8396.18 BogoMIPS (lpj=16792368)
[    0.004000] pid_max: default: 32768 minimum: 301
[    0.004143] Security Framework initialized
[    0.008025] Yama: becoming mindful.
[    0.016041] AppArmor: AppArmor initialized
[    0.020671] Dentry cache hash table entries: 131072 (order: 8, 1048576 bytes)
[    0.024060] Inode-cache hash table entries: 65536 (order: 7, 524288 bytes)
[    0.028017] Mount-cache hash table entries: 2048 (order: 2, 16384 bytes)
[    0.032011] Mountpoint-cache hash table entries: 2048 (order: 2, 16384 bytes)
[    0.037771] Last level iTLB entries: 4KB 64, 2MB 8, 4MB 8
[    0.040008] Last level dTLB entries: 4KB 64, 2MB 0, 4MB 0, 1GB 4
[    0.044009] Spectre V1 : Mitigation: usercopy/swapgs barriers and __user pointer sanitization
[    0.048010] Spectre V2 : Mitigation: Full generic retpoline
[    0.052006] Spectre V2 : Spectre v2 / SpectreRSB mitigation: Filling RSB on context switch
[    0.056009] Speculative Store Bypass: Vulnerable
[    0.065894] MDS: Mitigation: Clear CPU buffers
[    0.068811] Freeing SMP alternatives memory: 36K
[    0.192620] smpboot: CPU0: Intel(R) Core(TM) i7-7700K CPU @ 4.20GHz (family: 0x6, model: 0x9e, stepping: 0x9)
[    0.196664] Performance Events: unsupported p6 CPU model 158 no PMU driver, software events only.
[    0.200698] Hierarchical SRCU implementation.
[    0.211212] NMI watchdog: Perf event create on CPU 0 failed with -2
[    0.212009] NMI watchdog: Perf NMI watchdog permanently disabled
[    0.216479] smp: Bringing up secondary CPUs ...
[    0.220821] x86: Booting SMP configuration:
[    0.224010] .... node  #0, CPUs:      #1
[    0.004000] kvm-clock: cpu 1, msr 0:3ff44041, secondary cpu clock
[    0.248075] smp: Brought up 1 node, 2 CPUs
[    0.252011] smpboot: Max logical packages: 1
[    0.256010] smpboot: Total of 2 processors activated (16792.36 BogoMIPS)
[    0.264216] devtmpfs: initialized
[    0.268155] x86/mm: Memory block size: 128MB
[    0.272191] evm: security.selinux
[    0.276010] evm: security.SMACK64
[    0.280009] evm: security.SMACK64EXEC
[    0.284011] evm: security.SMACK64TRANSMUTE
[    0.288012] evm: security.SMACK64MMAP
[    0.292011] evm: security.apparmor
[    0.296008] evm: security.ima
[    0.300008] evm: security.capability
[    0.304334] clocksource: jiffies: mask: 0xffffffff max_cycles: 0xffffffff, max_idle_ns: 7645041785100000 ns
[    0.308101] futex hash table entries: 512 (order: 3, 32768 bytes)
[    0.316121] pinctrl core: initialized pinctrl subsystem
[    0.320435] RTC time: 16:39:22, date: 02/11/21
[    0.328868] NET: Registered protocol family 16
[    0.332100] audit: initializing netlink subsys (disabled)
[    0.336195] audit: type=2000 audit(1613061597.166:1): state=initialized audit_enabled=0 res=1
[    0.360233] cpuidle: using governor ladder
[    0.364137] cpuidle: using governor menu
[    0.373873] ACPI: bus type PCI registered
[    0.376124] acpiphp: ACPI Hot Plug PCI Controller Driver version: 0.5
[    0.385071] PCI: Using configuration type 1 for base access
[    0.400492] HugeTLB registered 2.00 MiB page size, pre-allocated 0 pages
[    0.408922] ACPI: Added _OSI(Module Device)
[    0.412010] ACPI: Added _OSI(Processor Device)
[    0.416007] ACPI: Added _OSI(3.0 _SCP Extensions)
[    0.420009] ACPI: Added _OSI(Processor Aggregator Device)
[    0.424010] ACPI: Added _OSI(Linux-Dell-Video)
[    0.428008] ACPI: Added _OSI(Linux-Lenovo-NV-HDMI-Audio)
[    0.432008] ACPI: Added _OSI(Linux-HPI-Hybrid-Graphics)
[    0.440254] ACPI: Executed 1 blocks of module-level executable AML code
[    0.452433] ACPI: Interpreter enabled
[    0.456082] ACPI: (supports S0 S5)
[    0.460006] ACPI: Using IOAPIC for interrupt routing
[    0.464429] PCI: Using host bridge windows from ACPI; if necessary, use "pci=nocrs" and report a bug
[    0.468568] ACPI: Enabled 2 GPEs in block 00 to 07
[    0.485112] ACPI: PCI Root Bridge [PCI0] (domain 0000 [bus 00-ff])
[    0.488107] acpi PNP0A03:00: _OSC: OS supports [ASPM ClockPM Segments MSI]
[    0.492799] acpi PNP0A03:00: _OSC: not requesting OS control; OS requires [ExtendedConfig ASPM ClockPM MSI]
[    0.496052] acpi PNP0A03:00: fail to add MMCONFIG information, can't access extended PCI configuration space under this bridge.
[    0.501259] PCI host bridge to bus 0000:00
[    0.504024] pci_bus 0000:00: root bus resource [io  0x0000-0x0cf7 window]
[    0.508011] pci_bus 0000:00: root bus resource [io  0x0d00-0xffff window]
[    0.512009] pci_bus 0000:00: root bus resource [mem 0x000a0000-0x000bffff window]
[    0.516010] pci_bus 0000:00: root bus resource [mem 0x40000000-0xfdffffff window]
[    0.520012] pci_bus 0000:00: root bus resource [bus 00-ff]
[    0.534343] pci 0000:00:01.1: legacy IDE quirk: reg 0x10: [io  0x01f0-0x01f7]
[    0.536007] pci 0000:00:01.1: legacy IDE quirk: reg 0x14: [io  0x03f6]
[    0.540008] pci 0000:00:01.1: legacy IDE quirk: reg 0x18: [io  0x0170-0x0177]
[    0.544009] pci 0000:00:01.1: legacy IDE quirk: reg 0x1c: [io  0x0376]
[    0.610430] pci 0000:00:07.0: quirk: [io  0x4000-0x403f] claimed by PIIX4 ACPI
[    0.612100] pci 0000:00:07.0: quirk: [io  0x4100-0x410f] claimed by PIIX4 SMB
[    0.640912] ACPI: PCI Interrupt Link [LNKA] (IRQs 5 9 10 *11)
[    0.648136] ACPI: PCI Interrupt Link [LNKB] (IRQs 5 9 *10 11)
[    0.652264] ACPI: PCI Interrupt Link [LNKC] (IRQs 5 *9 10 11)
[    0.656301] ACPI: PCI Interrupt Link [LNKD] (IRQs 5 9 10 *11)
[    0.667385] SCSI subsystem initialized
[    0.672146] pci 0000:00:02.0: vgaarb: setting as boot VGA device
[    0.676000] pci 0000:00:02.0: vgaarb: VGA device added: decodes=io+mem,owns=io+mem,locks=none
[    0.676013] pci 0000:00:02.0: vgaarb: bridge control possible
[    0.680037] vgaarb: loaded
[    0.684191] ACPI: bus type USB registered
[    0.688308] usbcore: registered new interface driver usbfs
[    0.692085] usbcore: registered new interface driver hub
[    0.696094] usbcore: registered new device driver usb
[    0.700547] EDAC MC: Ver: 3.0.0
[    0.708850] PCI: Using ACPI for IRQ routing
[    0.714869] NetLabel: Initializing
[    0.716008] NetLabel:  domain hash size = 128
[    0.720020] NetLabel:  protocols = UNLABELED CIPSOv4 CALIPSO
[    0.724150] NetLabel:  unlabeled traffic allowed by default
[    0.732422] clocksource: Switched to clocksource kvm-clock
[    0.805298] VFS: Disk quotas dquot_6.6.0
[    0.808508] VFS: Dquot-cache hash table entries: 512 (order 0, 4096 bytes)
[    0.808508] AppArmor: AppArmor Filesystem Enabled
[    0.808508] pnp: PnP ACPI init
[    0.808508] pnp: PnP ACPI: found 3 devices
[    0.888431] clocksource: acpi_pm: mask: 0xffffff max_cycles: 0xffffff, max_idle_ns: 2085701024 ns
[    0.892356] NET: Registered protocol family 2
[    0.909846] TCP established hash table entries: 8192 (order: 4, 65536 bytes)
[    0.912326] TCP bind hash table entries: 8192 (order: 5, 131072 bytes)
[    0.912326] TCP: Hash tables configured (established 8192 bind 8192)
[    0.912326] UDP hash table entries: 512 (order: 2, 16384 bytes)
[    0.912326] UDP-Lite hash table entries: 512 (order: 2, 16384 bytes)
[    0.912326] NET: Registered protocol family 1
[    0.912326] pci 0000:00:00.0: Limiting direct PCI/PCI transfers
[    0.912326] pci 0000:00:01.0: Activating ISA DMA hang workarounds
[    0.912326] pci 0000:00:02.0: Video device with shadowed ROM at [mem 0x000c0000-0x000dffff]
[    0.912326] Unpacking initramfs...
[    1.793979] Freeing initrd memory: 19224K
[    1.799492] clocksource: tsc: mask: 0xffffffffffffffff max_cycles: 0x3c83563331d, max_idle_ns: 440795204359 ns
[    1.811335] platform rtc_cmos: registered platform RTC device (no PNP device found)
[    1.821034] Scanning for low memory corruption every 60 seconds
[    1.834190] Initialise system trusted keyrings
[    1.840594] Key type blacklist registered
[    1.846966] workingset: timestamp_bits=36 max_order=18 bucket_order=0
[    1.857200] zbud: loaded
[    1.862526] squashfs: version 4.0 (2009/01/31) Phillip Lougher
[    1.871580] fuse init (API version 7.26)
[    1.899395] Key type asymmetric registered
[    1.905321] Asymmetric key parser 'x509' registered
[    1.912103] Block layer SCSI generic (bsg) driver version 0.4 loaded (major 246)
[    1.922623] io scheduler noop registered
[    1.929520] io scheduler deadline registered
[    1.936505] io scheduler cfq registered (default)
[    1.944930] ACPI: AC Adapter [AC] (on-line)
[    1.951954] input: Power Button as /devices/LNXSYSTM:00/LNXPWRBN:00/input/input0
[    1.964050] ACPI: Power Button [PWRF]
[    1.971002] input: Sleep Button as /devices/LNXSYSTM:00/LNXSLPBN:00/input/input1
[    1.982939] ACPI: Sleep Button [SLPF]
[    1.991644] Serial: 8250/16550 driver, 32 ports, IRQ sharing enabled
[    2.037056] 00:02: ttyS0 at I/O 0x3f8 (irq = 4, base_baud = 115200) is a 16550A
[    2.064106] Linux agpgart interface v0.103
[    2.077890] loop: module loaded
[    2.087741] scsi host0: ata_piix
[    2.095005] scsi host1: ata_piix
[    2.098939] ata1: PATA max UDMA/33 cmd 0x1f0 ctl 0x3f6 bmdma 0xd000 irq 14
[    2.098939] ata2: PATA max UDMA/33 cmd 0x170 ctl 0x376 bmdma 0xd008 irq 15
[    2.125385] libphy: Fixed MDIO Bus: probed
[    2.125385] tun: Universal TUN/TAP device driver, 1.6
[    2.139764] PPP generic driver version 2.4.2
[    2.146943] ehci_hcd: USB 2.0 'Enhanced' Host Controller (EHCI) Driver
[    2.155748] ehci-pci: EHCI PCI platform driver
[    2.163517] ehci-platform: EHCI generic platform driver
[    2.170723] ohci_hcd: USB 1.1 'Open' Host Controller (OHCI) Driver
[    2.179435] ohci-pci: OHCI PCI platform driver
[    2.185989] ohci-platform: OHCI generic platform driver
[    2.193622] uhci_hcd: USB Universal Host Controller Interface driver
[    2.202293] i8042: PNP: PS/2 Controller [PNP0303:PS2K,PNP0f03:PS2M] at 0x60,0x64 irq 1,12
[    2.216718] serio: i8042 KBD port at 0x60,0x64 irq 1
[    2.224023] serio: i8042 AUX port at 0x60,0x64 irq 12
[    2.235206] mousedev: PS/2 mouse device common for all mice
[    2.246679] rtc_cmos rtc_cmos: rtc core: registered rtc_cmos as rtc0
[    2.256262] input: AT Translated Set 2 keyboard as /devices/platform/i8042/serio0/input/input2
[    2.261002] rtc_cmos rtc_cmos: alarms up to one day, 114 bytes nvram
[    2.277818] i2c /dev entries driver
[    2.283345] device-mapper: uevent: version 1.0.3
[    2.322332] device-mapper: ioctl: 4.37.0-ioctl (2017-09-20) initialised: dm-devel@redhat.com
[    2.352900] ledtrig-cpu: registered to indicate activity on CPUs
[    2.363583] NET: Registered protocol family 10
[    2.516408] Segment Routing with IPv6
[    2.521578] NET: Registered protocol family 17
[    2.527891] Key type dns_resolver registered
[    2.535633] mce: Using 0 MCE banks
[    2.540353] RAS: Correctable Errors collector initialized.
[    2.547925] sched_clock: Marking stable (2547802047, 0)->(3845542175, -1297740128)
[    2.566291] registered taskstats version 1
[    2.571889] Loading compiled-in X.509 certificates
[    2.644423] Loaded X.509 cert 'Build time autogenerated kernel key: 399a566a2ea98257ce6f7132c633527e9761cd56'
[    2.658344] zswap: loaded using pool lzo/zbud
[    2.834514] Key type big_key registered
[    2.839944] Key type trusted registered
[    2.925560] Key type encrypted registered
[    2.931905] AppArmor: AppArmor sha1 policy hashing enabled
[    2.939915] ima: No TPM chip found, activating TPM-bypass! (rc=-19)
[    2.948870] ima: Allocated hash algorithm: sha1
[    2.955707] evm: HMAC attrs: 0x1
[    2.961691]   Magic number: 9:630:691
[    2.968201] rtc_cmos rtc_cmos: setting system clock to 2021-02-11 16:39:25 UTC (1613061565)
[    2.979964] BIOS EDD facility v0.16 2004-Jun-25, 0 devices found
[    2.988615] EDD information not available.
[    3.041328] Freeing unused kernel image memory: 2440K
[    3.329312] Write protecting the kernel read-only data: 20480k
[    3.352174] Freeing unused kernel image memory: 2008K
[    3.361106] Freeing unused kernel image memory: 1868K
[    3.375005] x86/mm: Checked W+X mappings: passed, no W+X pages found.
[    3.383582] x86/mm: Checking user space page tables
[    3.396472] x86/mm: Checked W+X mappings: passed, no W+X pages found.
Loading, please wait...
starting version 237
[    7.809261] e1000: Intel(R) PRO/1000 Network Driver - version 7.3.21-k8-NAPI
[    7.820322] e1000: Copyright (c) 1999-2006 Intel Corporation.
[    7.848891] Fusion MPT base driver 3.04.20
[    7.855449] Copyright (c) 1999-2008 LSI Corporation
[    7.965020] Fusion MPT SPI Host driver 3.04.20
[    8.150119] input: ImExPS/2 Generic Explorer Mouse as /devices/platform/i8042/serio1/input/input4
[   10.058158] e1000 0000:00:03.0 eth0: (PCI:33MHz:32-bit) 02:54:31:68:18:3c
[   10.067195] e1000 0000:00:03.0 eth0: Intel(R) PRO/1000 Network Connection
[   10.102971] e1000 0000:00:03.0 enp0s3: renamed from eth0
[   10.111278] mptbase: ioc0: Initiating bringup
[   10.555307] ioc0: LSI53C1030 A0: Capabilities={Initiator}
[   10.854145] scsi host2: ioc0: LSI53C1030 A0, FwRev=00000000h, Ports=1, MaxQ=256, IRQ=20
[   11.065771] scsi 2:0:0:0: Direct-Access     VBOX     HARDDISK         1.0  PQ: 0 ANSI: 5
[   11.400513] scsi target2:0:0: Beginning Domain Validation
[   11.442765] scsi target2:0:0: Domain Validation skipping write tests
[   11.457355] scsi target2:0:0: Ending Domain Validation
[   11.464951] scsi target2:0:0: asynchronous
[   11.472964] scsi 2:0:1:0: Direct-Access     VBOX     HARDDISK         1.0  PQ: 0 ANSI: 5
[   11.872177] scsi target2:0:1: Beginning Domain Validation
[   11.880242] random: fast init done
[   11.896496] scsi target2:0:1: Domain Validation skipping write tests
[   11.907367] scsi target2:0:1: Ending Domain Validation
[   11.916612] scsi target2:0:1: asynchronous
[   11.941593] random: systemd-udevd: uninitialized urandom read (16 bytes read)
[   11.943334] sd 2:0:0:0: Attached scsi generic sg0 type 0
[   11.951839] random: systemd-udevd: uninitialized urandom read (16 bytes read)
[   11.968478] sd 2:0:1:0: Attached scsi generic sg1 type 0
[   11.975772] random: systemd-udevd: uninitialized urandom read (16 bytes read)
[   11.999584] sd 2:0:0:0: [sda] 83886080 512-byte logical blocks: (42.9 GB/40.0 GiB)
[   12.014571] sd 2:0:1:0: [sdb] 20480 512-byte logical blocks: (10.5 MB/10.0 MiB)
[   12.043268] sd 2:0:1:0: [sdb] Write Protect is off
[   12.051209] sd 2:0:0:0: [sda] Write Protect is off
[   12.059875] sd 2:0:0:0: [sda] Incomplete mode parameter data
[   12.069131] sd 2:0:0:0: [sda] Assuming drive cache: write through
[   12.069255] sd 2:0:1:0: [sdb] Incomplete mode parameter data
[   12.086460] sd 2:0:1:0: [sdb] Assuming drive cache: write through
[   12.112552] sd 2:0:1:0: [sdb] Attached SCSI disk
[   12.121446]  sda: sda1
[   12.133461] sd 2:0:0:0: [sda] Attached SCSI disk
